<?xml version="1.0" encoding="UTF-8"?>
<!-- Generated by org.testng.reporters.JUnitReportReporter -->
<testsuite hostname="DESKTOP-HP187" failures="0" tests="3" name="qtrip.testCase_02" time="9.558" errors="0" timestamp="2024-07-11T15:05:21 IST" skipped="0">
  <testcase classname="qtrip.testCase_02" name="TestCase02" time="2.528"/>
  <system-out/>
  <testcase classname="qtrip.testCase_02" name="TestCase02" time="4.741"/>
  <system-out/>
  <testcase classname="qtrip.testCase_02" name="TestCase02" time="2.289"/>
  <system-out/>
</testsuite> <!-- qtrip.testCase_02 -->
