<?xml version="1.0" encoding="UTF-8"?>
<!-- Generated by org.testng.reporters.JUnitReportReporter -->
<testsuite hostname="DESKTOP-HP187" failures="0" tests="3" name="qtrip.testCase_01" time="57.067" errors="0" timestamp="2024-07-11T16:07:36 IST" skipped="0">
  <testcase classname="qtrip.testCase_01" name="TestCase01" time="3.697"/>
  <system-out/>
  <testcase classname="qtrip.testCase_01" name="TestCase01" time="48.620"/>
  <system-out/>
  <testcase classname="qtrip.testCase_01" name="TestCase01" time="4.750"/>
  <system-out/>
</testsuite> <!-- qtrip.testCase_01 -->
