<?xml version="1.0" encoding="UTF-8"?>
<!-- Generated by org.testng.reporters.JUnitReportReporter -->
<testsuite hostname="DESKTOP-HP187" failures="0" tests="3" name="qtrip.testCase_04" time="1001.718" errors="0" timestamp="2024-07-11T14:26:06 IST" skipped="0">
  <testcase classname="qtrip.testCase_04" name="TestCase04" time="286.709"/>
  <system-out/>
  <testcase classname="qtrip.testCase_04" name="TestCase04" time="290.709"/>
  <system-out/>
  <testcase classname="qtrip.testCase_04" name="TestCase04" time="424.300"/>
  <system-out/>
</testsuite> <!-- qtrip.testCase_04 -->
