<?xml version="1.0" encoding="UTF-8"?>
<!-- Generated by org.testng.reporters.JUnitReportReporter -->
<testsuite hostname="DESKTOP-HP187" failures="0" tests="3" name="qtrip.testCase_03" time="275.725" errors="0" timestamp="2024-07-11T15:38:35 IST" skipped="0">
  <testcase classname="qtrip.testCase_03" name="TestCase03" time="5.397"/>
  <system-out/>
  <testcase classname="qtrip.testCase_03" name="TestCase03" time="136.042"/>
  <system-out/>
  <testcase classname="qtrip.testCase_03" name="TestCase03" time="134.286"/>
  <system-out/>
</testsuite> <!-- qtrip.testCase_03 -->
